    Ltrue = 1
    Lfalse = 0
    .text
    .globl _start
_start:
    jal main
    j Lhalt
.data
char: .space 2
.text
Lgetchar: 
  addi $sp,$sp,-4
  sw $s0,0($sp)
  li $v0,8
  la $a0,char
  la $a1,2
  syscall
  lb $v0,char
  li $s0,4
  beq $v0,$s0,Lgetchar_eof
  li $s0,0
  beq $v0,$s0,Lgetchar_eof
Lgetchar_return:
  lw $s0 0($sp)
  addi $sp,$sp,4
  jr $ra 
Lgetchar_eof:
  li $v0,-1
  j Lgetchar_return
Lprints: 
  li $v0,4
  syscall
  jr $ra 
Lprinti: 
    li $v0,1
    syscall
    jr $ra 
Lhalt: 
    li $v0,10
    syscall
    jr $ra 
Lprintb: 
  li $v0,1
  syscall
  jr $ra 
printc: 
  li $v0,11
  syscall
  jr $ra 
main:
    subu $sp,$sp,4
    sw $ra,0($sp)
    la $t0,S1
    move $a0,$t0
    jal prints
main_epilogue:
    lw $ra,0($sp)
    addu $sp,$sp,4
    jr $ra
    .data
S0:
    .byte 0
S1:
    .byte 72
    .byte 101
    .byte 108
    .byte 108
    .byte 111
    .byte 44
    .byte 32
    .byte 119
    .byte 111
    .byte 114
    .byte 108
    .byte 100
    .byte 33
    .byte 92
    .byte 110
    .byte 0
    .align 2
    .text
